[0.011s] Invoking command in '/home/developer/ros2_ws/src/ros2_imu_filter/build/ros2_imu_filter': CMAKE_PREFIX_PATH=/opt/ros/foxy /usr/bin/cmake --build /home/developer/ros2_ws/src/ros2_imu_filter/build/ros2_imu_filter -- -j12 -l12
[0.050s] [35m[1mScanning dependencies of target imu_node[0m
[0.089s] [ 40%] [32mBuilding CXX object CMakeFiles/imu_node.dir/src/imu_factory.cpp.o[0m
[0.089s] [ 40%] [32mBuilding CXX object CMakeFiles/imu_node.dir/src/imu_base_node.cpp.o[0m
[0.090s] [ 60%] [32mBuilding CXX object CMakeFiles/imu_node.dir/src/imu_complementary_node.cpp.o[0m
[0.090s] [ 80%] [32mBuilding CXX object CMakeFiles/imu_node.dir/src/imu_node.cpp.o[0m
[1.742s] In file included from [01m[K/home/developer/ros2_ws/src/ros2_imu_filter/include/ros2_imu_filter/imu_factory.h:9[m[K,
[1.742s]                  from [01m[K/home/developer/ros2_ws/src/ros2_imu_filter/src/imu_node.cpp:3[m[K:
[1.742s] [01m[K/home/developer/ros2_ws/src/ros2_imu_filter/include/ros2_imu_filter/imu_complementary_node.h:12:14:[m[K [01;31m[Kerror: [m[Kâ€˜[01m[Kvoid Rocket::ImuComplementaryNode::Filter()[m[Kâ€™ marked â€˜[01m[Koverride[m[Kâ€™, but does not override
[1.742s]    12 |         void [01;31m[KFilter[m[K() override;
[1.742s]       |              [01;31m[K^~~~~~[m[K
[1.769s] In file included from [01m[K/home/developer/ros2_ws/src/ros2_imu_filter/include/ros2_imu_filter/imu_factory.h:9[m[K,
[1.769s]                  from [01m[K/home/developer/ros2_ws/src/ros2_imu_filter/src/imu_factory.cpp:1[m[K:
[1.769s] [01m[K/home/developer/ros2_ws/src/ros2_imu_filter/include/ros2_imu_filter/imu_complementary_node.h:12:14:[m[K [01;31m[Kerror: [m[Kâ€˜[01m[Kvoid Rocket::ImuComplementaryNode::Filter()[m[Kâ€™ marked â€˜[01m[Koverride[m[Kâ€™, but does not override
[1.769s]    12 |         void [01;31m[KFilter[m[K() override;
[1.770s]       |              [01;31m[K^~~~~~[m[K
[1.781s] [01m[K/home/developer/ros2_ws/src/ros2_imu_filter/src/imu_factory.cpp:[m[K In constructor â€˜[01m[KRocket::ImuFactory::ImuFactory(const rclcpp::NodeOptions&)[m[Kâ€™:
[1.781s] [01m[K/home/developer/ros2_ws/src/ros2_imu_filter/src/imu_factory.cpp:20:65:[m[K [01;31m[Kerror: [m[Kno match for â€˜[01m[Koperator=[m[Kâ€™ (operand types are â€˜[01m[Kstd::shared_ptr<Rocket::ImuBaseNode>[m[Kâ€™ and â€˜[01m[Kstd::shared_ptr<Rocket::ImuComplementaryNode>[m[Kâ€™)
[1.781s]    20 |             node_ = std::make_shared<ImuComplementaryNode>(*this[01;31m[K)[m[K;
[1.781s]       |                                                                 [01;31m[K^[m[K
[1.781s] In file included from [01m[K/usr/include/c++/9/memory:81[m[K,
[1.781s]                  from [01m[K/home/developer/ros2_ws/src/ros2_imu_filter/include/ros2_imu_filter/imu_factory.h:3[m[K,
[1.781s]                  from [01m[K/home/developer/ros2_ws/src/ros2_imu_filter/src/imu_factory.cpp:1[m[K:
[1.781s] [01m[K/usr/include/c++/9/bits/shared_ptr.h:309:19:[m[K [01;36m[Knote: [m[Kcandidate: â€˜[01m[Kstd::shared_ptr<_Tp>& std::shared_ptr<_Tp>::operator=(const std::shared_ptr<_Tp>&) [with _Tp = Rocket::ImuBaseNode][m[Kâ€™
[1.782s]   309 |       shared_ptr& [01;36m[Koperator[m[K=(const shared_ptr&) noexcept = default;
[1.782s]       |                   [01;36m[K^~~~~~~~[m[K
[1.782s] [01m[K/usr/include/c++/9/bits/shared_ptr.h:309:29:[m[K [01;36m[Knote: [m[K  no known conversion for argument 1 from â€˜[01m[Kstd::shared_ptr<Rocket::ImuComplementaryNode>[m[Kâ€™ to â€˜[01m[Kconst std::shared_ptr<Rocket::ImuBaseNode>&[m[Kâ€™
[1.782s]   309 |       shared_ptr& operator=([01;36m[Kconst shared_ptr&[m[K) noexcept = default;
[1.782s]       |                             [01;36m[K^~~~~~~~~~~~~~~~~[m[K
[1.782s] [01m[K/usr/include/c++/9/bits/shared_ptr.h:313:2:[m[K [01;36m[Knote: [m[Kcandidate: â€˜[01m[Ktemplate<class _Yp> std::shared_ptr<_Tp>::_Assignable<const std::shared_ptr<_Yp>&> std::shared_ptr<_Tp>::operator=(const std::shared_ptr<_Yp>&) [with _Yp = _Yp; _Tp = Rocket::ImuBaseNode][m[Kâ€™
[1.782s]   313 |  [01;36m[Koperator[m[K=(const shared_ptr<_Yp>& __r) noexcept
[1.782s]       |  [01;36m[K^~~~~~~~[m[K
[1.782s] [01m[K/usr/include/c++/9/bits/shared_ptr.h:313:2:[m[K [01;36m[Knote: [m[K  template argument deduction/substitution failed:
[1.783s] /usr/include/c++/9/bits/shared_ptr.h: In substitution of â€˜[01m[Ktemplate<class _Tp> template<class _Arg> using _Assignable = typename std::enable_if<std::is_assignable<std::__shared_ptr<_Tp>&, _Arg>::value, std::shared_ptr<_Tp>&>::type [with _Arg = const std::shared_ptr<Rocket::ImuComplementaryNode>&; _Tp = Rocket::ImuBaseNode][m[Kâ€™:
[1.783s] [01m[K/usr/include/c++/9/bits/shared_ptr.h:313:2:[m[K   required by substitution of â€˜[01m[Ktemplate<class _Yp> std::shared_ptr<Rocket::ImuBaseNode>::_Assignable<const std::shared_ptr<_Tp>&> std::shared_ptr<Rocket::ImuBaseNode>::operator=<_Yp>(const std::shared_ptr<_Tp>&) [with _Yp = Rocket::ImuComplementaryNode][m[Kâ€™
[1.783s] [01m[K/home/developer/ros2_ws/src/ros2_imu_filter/src/imu_factory.cpp:20:65:[m[K   required from here
[1.783s] [01m[K/usr/include/c++/9/bits/shared_ptr.h:111:8:[m[K [01;31m[Kerror: [m[Kno type named â€˜[01m[Ktype[m[Kâ€™ in â€˜[01m[Kstruct std::enable_if<false, std::shared_ptr<Rocket::ImuBaseNode>&>[m[Kâ€™
[1.783s]   111 |  using [01;31m[K_Assignable[m[K = typename enable_if<
[1.783s]       |        [01;31m[K^~~~~~~~~~~[m[K
[1.783s] [01m[K/usr/include/c++/9/bits/shared_ptr.h:324:2:[m[K [01;36m[Knote: [m[Kcandidate: â€˜[01m[Ktemplate<class _Yp> std::shared_ptr<_Tp>::_Assignable<std::auto_ptr<_Up> > std::shared_ptr<_Tp>::operator=(std::auto_ptr<_Up>&&) [with _Yp = _Yp; _Tp = Rocket::ImuBaseNode][m[Kâ€™
[1.783s]   324 |  [01;36m[Koperator[m[K=(auto_ptr<_Yp>&& __r)
[1.783s]       |  [01;36m[K^~~~~~~~[m[K
[1.783s] [01m[K/usr/include/c++/9/bits/shared_ptr.h:324:2:[m[K [01;36m[Knote: [m[K  template argument deduction/substitution failed:
[1.784s] [01m[K/home/developer/ros2_ws/src/ros2_imu_filter/src/imu_factory.cpp:20:65:[m[K [01;36m[Knote: [m[K  â€˜[01m[Kstd::shared_ptr<Rocket::ImuComplementaryNode>[m[Kâ€™ is not derived from â€˜[01m[Kstd::auto_ptr<_Up>[m[Kâ€™
[1.784s]    20 |             node_ = std::make_shared<ImuComplementaryNode>(*this[01;36m[K)[m[K;
[1.784s]       |                                                                 [01;36m[K^[m[K
[1.784s] In file included from [01m[K/usr/include/c++/9/memory:81[m[K,
[1.784s]                  from [01m[K/home/developer/ros2_ws/src/ros2_imu_filter/include/ros2_imu_filter/imu_factory.h:3[m[K,
[1.784s]                  from [01m[K/home/developer/ros2_ws/src/ros2_imu_filter/src/imu_factory.cpp:1[m[K:
[1.784s] [01m[K/usr/include/c++/9/bits/shared_ptr.h:333:7:[m[K [01;36m[Knote: [m[Kcandidate: â€˜[01m[Kstd::shared_ptr<_Tp>& std::shared_ptr<_Tp>::operator=(std::shared_ptr<_Tp>&&) [with _Tp = Rocket::ImuBaseNode][m[Kâ€™
[1.784s]   333 |       [01;36m[Koperator[m[K=(shared_ptr&& __r) noexcept
[1.784s]       |       [01;36m[K^~~~~~~~[m[K
[1.784s] [01m[K/usr/include/c++/9/bits/shared_ptr.h:333:30:[m[K [01;36m[Knote: [m[K  no known conversion for argument 1 from â€˜[01m[Kstd::shared_ptr<Rocket::ImuComplementaryNode>[m[Kâ€™ to â€˜[01m[Kstd::shared_ptr<Rocket::ImuBaseNode>&&[m[Kâ€™
[1.785s]   333 |       operator=([01;36m[Kshared_ptr&& __r[m[K) noexcept
[1.785s]       |                 [01;36m[K~~~~~~~~~~~~~^~~[m[K
[1.785s] [01m[K/usr/include/c++/9/bits/shared_ptr.h:341:2:[m[K [01;36m[Knote: [m[Kcandidate: â€˜[01m[Ktemplate<class _Yp> std::shared_ptr<_Tp>::_Assignable<std::shared_ptr<_Yp> > std::shared_ptr<_Tp>::operator=(std::shared_ptr<_Yp>&&) [with _Yp = _Yp; _Tp = Rocket::ImuBaseNode][m[Kâ€™
[1.785s]   341 |  [01;36m[Koperator[m[K=(shared_ptr<_Yp>&& __r) noexcept
[1.785s]       |  [01;36m[K^~~~~~~~[m[K
[1.785s] [01m[K/usr/include/c++/9/bits/shared_ptr.h:341:2:[m[K [01;36m[Knote: [m[K  template argument deduction/substitution failed:
[1.785s] /usr/include/c++/9/bits/shared_ptr.h: In substitution of â€˜[01m[Ktemplate<class _Tp> template<class _Arg> using _Assignable = typename std::enable_if<std::is_assignable<std::__shared_ptr<_Tp>&, _Arg>::value, std::shared_ptr<_Tp>&>::type [with _Arg = std::shared_ptr<Rocket::ImuComplementaryNode>; _Tp = Rocket::ImuBaseNode][m[Kâ€™:
[1.785s] [01m[K/usr/include/c++/9/bits/shared_ptr.h:341:2:[m[K   required by substitution of â€˜[01m[Ktemplate<class _Yp> std::shared_ptr<Rocket::ImuBaseNode>::_Assignable<std::shared_ptr<_Tp> > std::shared_ptr<Rocket::ImuBaseNode>::operator=<_Yp>(std::shared_ptr<_Tp>&&) [with _Yp = Rocket::ImuComplementaryNode][m[Kâ€™
[1.785s] [01m[K/home/developer/ros2_ws/src/ros2_imu_filter/src/imu_factory.cpp:20:65:[m[K   required from here
[1.785s] [01m[K/usr/include/c++/9/bits/shared_ptr.h:111:8:[m[K [01;31m[Kerror: [m[Kno type named â€˜[01m[Ktype[m[Kâ€™ in â€˜[01m[Kstruct std::enable_if<false, std::shared_ptr<Rocket::ImuBaseNode>&>[m[Kâ€™
[1.786s]   111 |  using [01;31m[K_Assignable[m[K = typename enable_if<
[1.786s]       |        [01;31m[K^~~~~~~~~~~[m[K
[1.786s] [01m[K/usr/include/c++/9/bits/shared_ptr.h:349:2:[m[K [01;36m[Knote: [m[Kcandidate: â€˜[01m[Ktemplate<class _Yp, class _Del> std::shared_ptr<_Tp>::_Assignable<std::unique_ptr<_Up, _Ep> > std::shared_ptr<_Tp>::operator=(std::unique_ptr<_Up, _Ep>&&) [with _Yp = _Yp; _Del = _Del; _Tp = Rocket::ImuBaseNode][m[Kâ€™
[1.786s]   349 |  [01;36m[Koperator[m[K=(unique_ptr<_Yp, _Del>&& __r)
[1.786s]       |  [01;36m[K^~~~~~~~[m[K
[1.786s] [01m[K/usr/include/c++/9/bits/shared_ptr.h:349:2:[m[K [01;36m[Knote: [m[K  template argument deduction/substitution failed:
[1.786s] [01m[K/home/developer/ros2_ws/src/ros2_imu_filter/src/imu_factory.cpp:20:65:[m[K [01;36m[Knote: [m[K  â€˜[01m[Kstd::shared_ptr<Rocket::ImuComplementaryNode>[m[Kâ€™ is not derived from â€˜[01m[Kstd::unique_ptr<_Tp, _Dp>[m[Kâ€™
[1.786s]    20 |             node_ = std::make_shared<ImuComplementaryNode>(*this[01;36m[K)[m[K;
[1.786s]       |                                                                 [01;36m[K^[m[K
[1.805s] In file included from [01m[K/home/developer/ros2_ws/src/ros2_imu_filter/src/imu_complementary_node.cpp:1[m[K:
[1.806s] [01m[K/home/developer/ros2_ws/src/ros2_imu_filter/include/ros2_imu_filter/imu_complementary_node.h:12:14:[m[K [01;31m[Kerror: [m[Kâ€˜[01m[Kvoid Rocket::ImuComplementaryNode::Filter()[m[Kâ€™ marked â€˜[01m[Koverride[m[Kâ€™, but does not override
[1.806s]    12 |         void [01;31m[KFilter[m[K() override;
[1.806s]       |              [01;31m[K^~~~~~[m[K
[1.806s] [01m[K/home/developer/ros2_ws/src/ros2_imu_filter/src/imu_base_node.cpp:[m[K In constructor â€˜[01m[KRocket::ImuBaseNode::ImuBaseNode(rclcpp::Node&)[m[Kâ€™:
[1.806s] [01m[K/home/developer/ros2_ws/src/ros2_imu_filter/src/imu_base_node.cpp:58:60:[m[K [01;35m[Kwarning: [m[Kâ€˜[01m[Krclcpp::Node::OnParametersSetCallbackType rclcpp::Node::set_on_parameters_set_callback(rclcpp::Node::OnParametersSetCallbackType)[m[Kâ€™ is deprecated: use add_on_set_parameters_callback(OnParametersSetCallbackType callback) instead [[01;35m[K-Wdeprecated-declarations[m[K]
[1.807s]    58 |         node_.set_on_parameters_set_callback(param_callback[01;35m[K)[m[K;
[1.807s]       |                                                            [01;35m[K^[m[K
[1.807s] In file included from [01m[K/opt/ros/foxy/include/rclcpp/executors/single_threaded_executor.hpp:28[m[K,
[1.807s]                  from [01m[K/opt/ros/foxy/include/rclcpp/executors.hpp:22[m[K,
[1.807s]                  from [01m[K/opt/ros/foxy/include/rclcpp/rclcpp.hpp:146[m[K,
[1.807s]                  from [01m[K/home/developer/ros2_ws/src/ros2_imu_filter/include/ros2_imu_filter/imu_base_node.h:10[m[K,
[1.807s]                  from [01m[K/home/developer/ros2_ws/src/ros2_imu_filter/src/imu_base_node.cpp:1[m[K:
[1.807s] [01m[K/opt/ros/foxy/include/rclcpp/node.hpp:866:3:[m[K [01;36m[Knote: [m[Kdeclared here
[1.807s]   866 |   [01;36m[Kset_on_parameters_set_callback[m[K(rclcpp::Node::OnParametersSetCallbackType callback);
[1.807s]       |   [01;36m[K^~~~~~~~~~~~~~~~~~~~~~~~~~~~~~[m[K
[2.051s] make[2]: *** [CMakeFiles/imu_node.dir/build.make:102: CMakeFiles/imu_node.dir/src/imu_node.cpp.o] Error 1
[2.051s] make[2]: *** Waiting for unfinished jobs....
[2.096s] make[2]: *** [CMakeFiles/imu_node.dir/build.make:63: CMakeFiles/imu_node.dir/src/imu_factory.cpp.o] Error 1
[2.101s] make[2]: *** [CMakeFiles/imu_node.dir/build.make:89: CMakeFiles/imu_node.dir/src/imu_complementary_node.cpp.o] Error 1
[5.567s] make[1]: *** [CMakeFiles/Makefile2:78: CMakeFiles/imu_node.dir/all] Error 2
[5.567s] make: *** [Makefile:141: all] Error 2
[5.570s] Invoked command in '/home/developer/ros2_ws/src/ros2_imu_filter/build/ros2_imu_filter' returned '2': CMAKE_PREFIX_PATH=/opt/ros/foxy /usr/bin/cmake --build /home/developer/ros2_ws/src/ros2_imu_filter/build/ros2_imu_filter -- -j12 -l12
