[0.011s] Invoking command in '/home/developer/ros2_ws/src/ros2_imu_filter/build/ros2_imu_filter': CMAKE_PREFIX_PATH=/opt/ros/foxy /usr/bin/cmake --build /home/developer/ros2_ws/src/ros2_imu_filter/build/ros2_imu_filter -- -j12 -l12
[0.050s] [35m[1mScanning dependencies of target imu_node[0m
[0.093s] [ 40%] [32mBuilding CXX object CMakeFiles/imu_node.dir/src/imu_factory.cpp.o[0m
[0.094s] [ 40%] [32mBuilding CXX object CMakeFiles/imu_node.dir/src/imu_node.cpp.o[0m
[1.762s] In file included from [01m[K/usr/include/c++/9/memory:81[m[K,
[1.762s]                  from [01m[K/home/developer/ros2_ws/src/ros2_imu_filter/include/ros2_imu_filter/imu_factory.h:3[m[K,
[1.763s]                  from [01m[K/home/developer/ros2_ws/src/ros2_imu_filter/src/imu_factory.cpp:1[m[K:
[1.763s] /usr/include/c++/9/bits/shared_ptr.h: In instantiation of â€˜[01m[Kstd::shared_ptr<_Tp> std::dynamic_pointer_cast(const std::shared_ptr<_Tp>&) [with _Tp = Rocket::ImuBaseNode; _Up = Rocket::ImuComplementaryNode][m[Kâ€™:
[1.763s] [01m[K/home/developer/ros2_ws/src/ros2_imu_filter/src/imu_factory.cpp:20:105:[m[K   required from here
[1.763s] [01m[K/usr/include/c++/9/bits/shared_ptr.h:510:23:[m[K [01;31m[Kerror: [m[Kâ€˜[01m[KRocket::ImuBaseNode[m[Kâ€™ is an inaccessible base of â€˜[01m[KRocket::ImuComplementaryNode[m[Kâ€™
[1.763s]   510 |       if (auto* __p = [01;31m[Kdynamic_cast<typename _Sp::element_type*>(__r.get())[m[K)
[1.763s]       |                       [01;31m[K^~~~~~~~~~~~~~~~~~~~~~~~~~~~~~~~~~~~~~~~~~~~~~~~~~~~[m[K
[1.763s] [01m[K/usr/include/c++/9/bits/shared_ptr.h:510:23:[m[K [01;31m[Kerror: [m[Kâ€˜[01m[KRocket::ImuBaseNode[m[Kâ€™ is an inaccessible base of â€˜[01m[KRocket::ImuComplementaryNode[m[Kâ€™
[2.001s] make[2]: *** [CMakeFiles/imu_node.dir/build.make:63: CMakeFiles/imu_node.dir/src/imu_factory.cpp.o] Error 1
[2.001s] make[2]: *** Waiting for unfinished jobs....
[2.068s] make[1]: *** [CMakeFiles/Makefile2:78: CMakeFiles/imu_node.dir/all] Error 2
[2.068s] make: *** [Makefile:141: all] Error 2
[2.071s] Invoked command in '/home/developer/ros2_ws/src/ros2_imu_filter/build/ros2_imu_filter' returned '2': CMAKE_PREFIX_PATH=/opt/ros/foxy /usr/bin/cmake --build /home/developer/ros2_ws/src/ros2_imu_filter/build/ros2_imu_filter -- -j12 -l12
