[35m[1mScanning dependencies of target imu_node[0m
[ 40%] [32mBuilding CXX object CMakeFiles/imu_node.dir/src/imu_factory.cpp.o[0m
[ 40%] [32mBuilding CXX object CMakeFiles/imu_node.dir/src/imu_complementary_node.cpp.o[0m
[ 60%] [32mBuilding CXX object CMakeFiles/imu_node.dir/src/imu_node.cpp.o[0m
[01m[K/home/developer/ros2_ws/src/ros2_imu_filter/src/imu_factory.cpp:[m[K In constructor â€˜[01m[KRocket::ImuFactory::ImuFactory(const rclcpp::NodeOptions&)[m[Kâ€™:
[01m[K/home/developer/ros2_ws/src/ros2_imu_filter/src/imu_factory.cpp:20:65:[m[K [01;31m[Kerror: [m[Kno match for â€˜[01m[Koperator=[m[Kâ€™ (operand types are â€˜[01m[Kstd::shared_ptr<Rocket::ImuBaseNode>[m[Kâ€™ and â€˜[01m[Kstd::shared_ptr<Rocket::ImuComplementaryNode>[m[Kâ€™)
   20 |             node_ = std::make_shared<ImuComplementaryNode>(*this[01;31m[K)[m[K;
      |                                                                 [01;31m[K^[m[K
In file included from [01m[K/usr/include/c++/9/memory:81[m[K,
                 from [01m[K/home/developer/ros2_ws/src/ros2_imu_filter/include/ros2_imu_filter/imu_factory.h:3[m[K,
                 from [01m[K/home/developer/ros2_ws/src/ros2_imu_filter/src/imu_factory.cpp:1[m[K:
[01m[K/usr/include/c++/9/bits/shared_ptr.h:309:19:[m[K [01;36m[Knote: [m[Kcandidate: â€˜[01m[Kstd::shared_ptr<_Tp>& std::shared_ptr<_Tp>::operator=(const std::shared_ptr<_Tp>&) [with _Tp = Rocket::ImuBaseNode][m[Kâ€™
  309 |       shared_ptr& [01;36m[Koperator[m[K=(const shared_ptr&) noexcept = default;
      |                   [01;36m[K^~~~~~~~[m[K
[01m[K/usr/include/c++/9/bits/shared_ptr.h:309:29:[m[K [01;36m[Knote: [m[K  no known conversion for argument 1 from â€˜[01m[Kstd::shared_ptr<Rocket::ImuComplementaryNode>[m[Kâ€™ to â€˜[01m[Kconst std::shared_ptr<Rocket::ImuBaseNode>&[m[Kâ€™
  309 |       shared_ptr& operator=([01;36m[Kconst shared_ptr&[m[K) noexcept = default;
      |                             [01;36m[K^~~~~~~~~~~~~~~~~[m[K
[01m[K/usr/include/c++/9/bits/shared_ptr.h:313:2:[m[K [01;36m[Knote: [m[Kcandidate: â€˜[01m[Ktemplate<class _Yp> std::shared_ptr<_Tp>::_Assignable<const std::shared_ptr<_Yp>&> std::shared_ptr<_Tp>::operator=(const std::shared_ptr<_Yp>&) [with _Yp = _Yp; _Tp = Rocket::ImuBaseNode][m[Kâ€™
  313 |  [01;36m[Koperator[m[K=(const shared_ptr<_Yp>& __r) noexcept
      |  [01;36m[K^~~~~~~~[m[K
[01m[K/usr/include/c++/9/bits/shared_ptr.h:313:2:[m[K [01;36m[Knote: [m[K  template argument deduction/substitution failed:
/usr/include/c++/9/bits/shared_ptr.h: In substitution of â€˜[01m[Ktemplate<class _Tp> template<class _Arg> using _Assignable = typename std::enable_if<std::is_assignable<std::__shared_ptr<_Tp>&, _Arg>::value, std::shared_ptr<_Tp>&>::type [with _Arg = const std::shared_ptr<Rocket::ImuComplementaryNode>&; _Tp = Rocket::ImuBaseNode][m[Kâ€™:
[01m[K/usr/include/c++/9/bits/shared_ptr.h:313:2:[m[K   required by substitution of â€˜[01m[Ktemplate<class _Yp> std::shared_ptr<Rocket::ImuBaseNode>::_Assignable<const std::shared_ptr<_Tp>&> std::shared_ptr<Rocket::ImuBaseNode>::operator=<_Yp>(const std::shared_ptr<_Tp>&) [with _Yp = Rocket::ImuComplementaryNode][m[Kâ€™
[01m[K/home/developer/ros2_ws/src/ros2_imu_filter/src/imu_factory.cpp:20:65:[m[K   required from here
[01m[K/usr/include/c++/9/bits/shared_ptr.h:111:8:[m[K [01;31m[Kerror: [m[Kno type named â€˜[01m[Ktype[m[Kâ€™ in â€˜[01m[Kstruct std::enable_if<false, std::shared_ptr<Rocket::ImuBaseNode>&>[m[Kâ€™
  111 |  using [01;31m[K_Assignable[m[K = typename enable_if<
      |        [01;31m[K^~~~~~~~~~~[m[K
[01m[K/usr/include/c++/9/bits/shared_ptr.h:324:2:[m[K [01;36m[Knote: [m[Kcandidate: â€˜[01m[Ktemplate<class _Yp> std::shared_ptr<_Tp>::_Assignable<std::auto_ptr<_Up> > std::shared_ptr<_Tp>::operator=(std::auto_ptr<_Up>&&) [with _Yp = _Yp; _Tp = Rocket::ImuBaseNode][m[Kâ€™
  324 |  [01;36m[Koperator[m[K=(auto_ptr<_Yp>&& __r)
      |  [01;36m[K^~~~~~~~[m[K
[01m[K/usr/include/c++/9/bits/shared_ptr.h:324:2:[m[K [01;36m[Knote: [m[K  template argument deduction/substitution failed:
[01m[K/home/developer/ros2_ws/src/ros2_imu_filter/src/imu_factory.cpp:20:65:[m[K [01;36m[Knote: [m[K  â€˜[01m[Kstd::shared_ptr<Rocket::ImuComplementaryNode>[m[Kâ€™ is not derived from â€˜[01m[Kstd::auto_ptr<_Up>[m[Kâ€™
   20 |             node_ = std::make_shared<ImuComplementaryNode>(*this[01;36m[K)[m[K;
      |                                                                 [01;36m[K^[m[K
In file included from [01m[K/usr/include/c++/9/memory:81[m[K,
                 from [01m[K/home/developer/ros2_ws/src/ros2_imu_filter/include/ros2_imu_filter/imu_factory.h:3[m[K,
                 from [01m[K/home/developer/ros2_ws/src/ros2_imu_filter/src/imu_factory.cpp:1[m[K:
[01m[K/usr/include/c++/9/bits/shared_ptr.h:333:7:[m[K [01;36m[Knote: [m[Kcandidate: â€˜[01m[Kstd::shared_ptr<_Tp>& std::shared_ptr<_Tp>::operator=(std::shared_ptr<_Tp>&&) [with _Tp = Rocket::ImuBaseNode][m[Kâ€™
  333 |       [01;36m[Koperator[m[K=(shared_ptr&& __r) noexcept
      |       [01;36m[K^~~~~~~~[m[K
[01m[K/usr/include/c++/9/bits/shared_ptr.h:333:30:[m[K [01;36m[Knote: [m[K  no known conversion for argument 1 from â€˜[01m[Kstd::shared_ptr<Rocket::ImuComplementaryNode>[m[Kâ€™ to â€˜[01m[Kstd::shared_ptr<Rocket::ImuBaseNode>&&[m[Kâ€™
  333 |       operator=([01;36m[Kshared_ptr&& __r[m[K) noexcept
      |                 [01;36m[K~~~~~~~~~~~~~^~~[m[K
[01m[K/usr/include/c++/9/bits/shared_ptr.h:341:2:[m[K [01;36m[Knote: [m[Kcandidate: â€˜[01m[Ktemplate<class _Yp> std::shared_ptr<_Tp>::_Assignable<std::shared_ptr<_Yp> > std::shared_ptr<_Tp>::operator=(std::shared_ptr<_Yp>&&) [with _Yp = _Yp; _Tp = Rocket::ImuBaseNode][m[Kâ€™
  341 |  [01;36m[Koperator[m[K=(shared_ptr<_Yp>&& __r) noexcept
      |  [01;36m[K^~~~~~~~[m[K
[01m[K/usr/include/c++/9/bits/shared_ptr.h:341:2:[m[K [01;36m[Knote: [m[K  template argument deduction/substitution failed:
/usr/include/c++/9/bits/shared_ptr.h: In substitution of â€˜[01m[Ktemplate<class _Tp> template<class _Arg> using _Assignable = typename std::enable_if<std::is_assignable<std::__shared_ptr<_Tp>&, _Arg>::value, std::shared_ptr<_Tp>&>::type [with _Arg = std::shared_ptr<Rocket::ImuComplementaryNode>; _Tp = Rocket::ImuBaseNode][m[Kâ€™:
[01m[K/usr/include/c++/9/bits/shared_ptr.h:341:2:[m[K   required by substitution of â€˜[01m[Ktemplate<class _Yp> std::shared_ptr<Rocket::ImuBaseNode>::_Assignable<std::shared_ptr<_Tp> > std::shared_ptr<Rocket::ImuBaseNode>::operator=<_Yp>(std::shared_ptr<_Tp>&&) [with _Yp = Rocket::ImuComplementaryNode][m[Kâ€™
[01m[K/home/developer/ros2_ws/src/ros2_imu_filter/src/imu_factory.cpp:20:65:[m[K   required from here
[01m[K/usr/include/c++/9/bits/shared_ptr.h:111:8:[m[K [01;31m[Kerror: [m[Kno type named â€˜[01m[Ktype[m[Kâ€™ in â€˜[01m[Kstruct std::enable_if<false, std::shared_ptr<Rocket::ImuBaseNode>&>[m[Kâ€™
  111 |  using [01;31m[K_Assignable[m[K = typename enable_if<
      |        [01;31m[K^~~~~~~~~~~[m[K
[01m[K/usr/include/c++/9/bits/shared_ptr.h:349:2:[m[K [01;36m[Knote: [m[Kcandidate: â€˜[01m[Ktemplate<class _Yp, class _Del> std::shared_ptr<_Tp>::_Assignable<std::unique_ptr<_Up, _Ep> > std::shared_ptr<_Tp>::operator=(std::unique_ptr<_Up, _Ep>&&) [with _Yp = _Yp; _Del = _Del; _Tp = Rocket::ImuBaseNode][m[Kâ€™
  349 |  [01;36m[Koperator[m[K=(unique_ptr<_Yp, _Del>&& __r)
      |  [01;36m[K^~~~~~~~[m[K
[01m[K/usr/include/c++/9/bits/shared_ptr.h:349:2:[m[K [01;36m[Knote: [m[K  template argument deduction/substitution failed:
[01m[K/home/developer/ros2_ws/src/ros2_imu_filter/src/imu_factory.cpp:20:65:[m[K [01;36m[Knote: [m[K  â€˜[01m[Kstd::shared_ptr<Rocket::ImuComplementaryNode>[m[Kâ€™ is not derived from â€˜[01m[Kstd::unique_ptr<_Tp, _Dp>[m[Kâ€™
   20 |             node_ = std::make_shared<ImuComplementaryNode>(*this[01;36m[K)[m[K;
      |                                                                 [01;36m[K^[m[K
make[2]: *** [CMakeFiles/imu_node.dir/build.make:63: CMakeFiles/imu_node.dir/src/imu_factory.cpp.o] Error 1
make[2]: *** Waiting for unfinished jobs....
make[1]: *** [CMakeFiles/Makefile2:78: CMakeFiles/imu_node.dir/all] Error 2
make: *** [Makefile:141: all] Error 2
