[35m[1mScanning dependencies of target imu_node[0m
[ 20%] [32mBuilding CXX object CMakeFiles/imu_node.dir/src/imu_factory.cpp.o[0m
[01m[K/home/developer/ros2_ws/src/ros2_imu_filter/src/imu_factory.cpp:[m[K In constructor â€˜[01m[KRocket::ImuFactory::ImuFactory(const rclcpp::NodeOptions&)[m[Kâ€™:
[01m[K/home/developer/ros2_ws/src/ros2_imu_filter/src/imu_factory.cpp:20:105:[m[K [01;31m[Kerror: [m[Kno matching function for call to â€˜[01m[Kdynamic_pointer_cast<Rocket::ImuBaseNode>(std::_MakeUniq<Rocket::ImuComplementaryNode>::__single_object)[m[Kâ€™
   20 |             node_ = std::dynamic_pointer_cast<ImuBaseNode>(std::make_unique<ImuComplementaryNode>(*this)[01;31m[K)[m[K;
      |                                                                                                         [01;31m[K^[m[K
In file included from [01m[K/usr/include/c++/9/bits/shared_ptr.h:52[m[K,
                 from [01m[K/usr/include/c++/9/memory:81[m[K,
                 from [01m[K/home/developer/ros2_ws/src/ros2_imu_filter/include/ros2_imu_filter/imu_factory.h:3[m[K,
                 from [01m[K/home/developer/ros2_ws/src/ros2_imu_filter/src/imu_factory.cpp:1[m[K:
[01m[K/usr/include/c++/9/bits/shared_ptr_base.h:1558:5:[m[K [01;36m[Knote: [m[Kcandidate: â€˜[01m[Ktemplate<class _Tp, class _Tp1, __gnu_cxx::_Lock_policy _Lp> std::__shared_ptr<_Tp1, _Lp> std::dynamic_pointer_cast(const std::__shared_ptr<_Tp2, _Lp>&)[m[Kâ€™
 1558 |     [01;36m[Kdynamic_pointer_cast[m[K(const __shared_ptr<_Tp1, _Lp>& __r) noexcept
      |     [01;36m[K^~~~~~~~~~~~~~~~~~~~[m[K
[01m[K/usr/include/c++/9/bits/shared_ptr_base.h:1558:5:[m[K [01;36m[Knote: [m[K  template argument deduction/substitution failed:
[01m[K/home/developer/ros2_ws/src/ros2_imu_filter/src/imu_factory.cpp:20:105:[m[K [01;36m[Knote: [m[K  â€˜[01m[Kstd::_MakeUniq<Rocket::ImuComplementaryNode>::__single_object[m[Kâ€™ {aka â€˜[01m[Kstd::unique_ptr<Rocket::ImuComplementaryNode, std::default_delete<Rocket::ImuComplementaryNode> >[m[Kâ€™} is not derived from â€˜[01m[Kconst std::__shared_ptr<_Tp2, _Lp>[m[Kâ€™
   20 |             node_ = std::dynamic_pointer_cast<ImuBaseNode>(std::make_unique<ImuComplementaryNode>(*this)[01;36m[K)[m[K;
      |                                                                                                         [01;36m[K^[m[K
In file included from [01m[K/usr/include/c++/9/memory:81[m[K,
                 from [01m[K/home/developer/ros2_ws/src/ros2_imu_filter/include/ros2_imu_filter/imu_factory.h:3[m[K,
                 from [01m[K/home/developer/ros2_ws/src/ros2_imu_filter/src/imu_factory.cpp:1[m[K:
[01m[K/usr/include/c++/9/bits/shared_ptr.h:507:5:[m[K [01;36m[Knote: [m[Kcandidate: â€˜[01m[Ktemplate<class _Tp, class _Up> std::shared_ptr<_Tp> std::dynamic_pointer_cast(const std::shared_ptr<_Tp>&)[m[Kâ€™
  507 |     [01;36m[Kdynamic_pointer_cast[m[K(const shared_ptr<_Up>& __r) noexcept
      |     [01;36m[K^~~~~~~~~~~~~~~~~~~~[m[K
[01m[K/usr/include/c++/9/bits/shared_ptr.h:507:5:[m[K [01;36m[Knote: [m[K  template argument deduction/substitution failed:
[01m[K/home/developer/ros2_ws/src/ros2_imu_filter/src/imu_factory.cpp:20:105:[m[K [01;36m[Knote: [m[K  â€˜[01m[Kstd::_MakeUniq<Rocket::ImuComplementaryNode>::__single_object[m[Kâ€™ {aka â€˜[01m[Kstd::unique_ptr<Rocket::ImuComplementaryNode, std::default_delete<Rocket::ImuComplementaryNode> >[m[Kâ€™} is not derived from â€˜[01m[Kconst std::shared_ptr<_Tp>[m[Kâ€™
   20 |             node_ = std::dynamic_pointer_cast<ImuBaseNode>(std::make_unique<ImuComplementaryNode>(*this)[01;36m[K)[m[K;
      |                                                                                                         [01;36m[K^[m[K
make[2]: *** [CMakeFiles/imu_node.dir/build.make:63: CMakeFiles/imu_node.dir/src/imu_factory.cpp.o] Error 1
make[1]: *** [CMakeFiles/Makefile2:78: CMakeFiles/imu_node.dir/all] Error 2
make: *** [Makefile:141: all] Error 2
