[0.008s] Invoking command in '/home/developer/ros2_ws/src/ros2_imu_filter/build/ros2_imu_filter': CMAKE_PREFIX_PATH=/opt/ros/foxy /usr/bin/cmake /home/developer/ros2_ws/src/ros2_imu_filter -DCMAKE_INSTALL_PREFIX=/home/developer/ros2_ws/src/ros2_imu_filter/install/ros2_imu_filter
[0.053s] -- The C compiler identification is GNU 9.4.0
[0.092s] -- The CXX compiler identification is GNU 9.4.0
[0.095s] -- Check for working C compiler: /usr/bin/cc
[0.146s] -- Check for working C compiler: /usr/bin/cc -- works
[0.147s] -- Detecting C compiler ABI info
[0.213s] -- Detecting C compiler ABI info - done
[0.228s] -- Detecting C compile features
[0.228s] -- Detecting C compile features - done
[0.232s] -- Check for working CXX compiler: /usr/bin/c++
[0.324s] -- Check for working CXX compiler: /usr/bin/c++ -- works
[0.325s] -- Detecting CXX compiler ABI info
[0.390s] -- Detecting CXX compiler ABI info - done
[0.400s] -- Detecting CXX compile features
[0.401s] -- Detecting CXX compile features - done
[0.402s] -- Found ament_cmake: 0.9.9 (/opt/ros/foxy/share/ament_cmake/cmake)
[0.421s] -- Found PythonInterp: /usr/bin/python3 (found suitable version "3.8.10", minimum required is "3") 
[0.421s] -- Using PYTHON_EXECUTABLE: /usr/bin/python3
[0.568s] -- Found rclcpp: 2.4.1 (/opt/ros/foxy/share/rclcpp/cmake)
[0.599s] -- Using all available rosidl_typesupport_c: rosidl_typesupport_fastrtps_c;rosidl_typesupport_introspection_c
[0.604s] -- Found rosidl_adapter: 1.2.1 (/opt/ros/foxy/share/rosidl_adapter/cmake)
[0.659s] -- Found OpenSSL: /usr/lib/x86_64-linux-gnu/libcrypto.so (found version "1.1.1f")  
[0.679s] -- Found FastRTPS: /opt/ros/foxy/include  
[0.738s] -- Using all available rosidl_typesupport_cpp: rosidl_typesupport_fastrtps_cpp;rosidl_typesupport_introspection_cpp
[0.782s] -- Found rmw_implementation_cmake: 1.0.3 (/opt/ros/foxy/share/rmw_implementation_cmake/cmake)
[0.783s] -- Using RMW implementation 'rmw_fastrtps_cpp' as default
[0.783s] -- Looking for pthread.h
[0.838s] -- Looking for pthread.h - found
[0.838s] -- Performing Test CMAKE_HAVE_LIBC_PTHREAD
[0.892s] -- Performing Test CMAKE_HAVE_LIBC_PTHREAD - Failed
[0.892s] -- Looking for pthread_create in pthreads
[0.936s] -- Looking for pthread_create in pthreads - not found
[0.936s] -- Looking for pthread_create in pthread
[0.991s] -- Looking for pthread_create in pthread - found
[0.993s] -- Found Threads: TRUE  
[1.130s] -- Found rclcpp_components: 2.4.1 (/opt/ros/foxy/share/rclcpp_components/cmake)
[1.179s] -- Found nav_msgs: 2.0.5 (/opt/ros/foxy/share/nav_msgs/cmake)
[1.274s] -- Found sensor_msgs: 2.0.5 (/opt/ros/foxy/share/sensor_msgs/cmake)
[1.335s] -- Found tf2: 0.13.13 (/opt/ros/foxy/share/tf2/cmake)
[1.342s] -- Found tf2_ros: 0.13.13 (/opt/ros/foxy/share/tf2_ros/cmake)
[1.574s] -- Found eigen3_cmake_module: 0.1.1 (/opt/ros/foxy/share/eigen3_cmake_module/cmake)
[1.576s] -- Found Eigen3: TRUE (found version "3.3.7") 
[1.579s] -- Found ament_lint_auto: 0.9.6 (/opt/ros/foxy/share/ament_lint_auto/cmake)
[1.640s] -- Added test 'copyright' to check source files copyright and LICENSE
[1.650s] -- Added test 'cppcheck' to perform static code analysis on C / C++ code
[1.650s] -- Configured cppcheck include dirs: /home/developer/ros2_ws/src/ros2_imu_filter/include
[1.650s] -- Configured cppcheck exclude dirs and/or files: 
[1.657s] -- Added test 'cpplint' to check C / C++ code against the Google style
[1.657s] -- Configured cpplint exclude dirs and/or files: 
[1.659s] -- Added test 'lint_cmake' to check CMake code style
[1.668s] -- Added test 'uncrustify' to check C / C++ code style
[1.668s] -- Configured uncrustify additional arguments: 
[1.669s] -- Added test 'xmllint' to check XML markup files
[1.672s] -- Configuring done
[1.682s] -- Generating done
[1.683s] -- Build files have been written to: /home/developer/ros2_ws/src/ros2_imu_filter/build/ros2_imu_filter
[1.689s] Invoked command in '/home/developer/ros2_ws/src/ros2_imu_filter/build/ros2_imu_filter' returned '0': CMAKE_PREFIX_PATH=/opt/ros/foxy /usr/bin/cmake /home/developer/ros2_ws/src/ros2_imu_filter -DCMAKE_INSTALL_PREFIX=/home/developer/ros2_ws/src/ros2_imu_filter/install/ros2_imu_filter
[1.692s] Invoking command in '/home/developer/ros2_ws/src/ros2_imu_filter/build/ros2_imu_filter': CMAKE_PREFIX_PATH=/opt/ros/foxy /usr/bin/cmake --build /home/developer/ros2_ws/src/ros2_imu_filter/build/ros2_imu_filter -- -j12 -l12
[1.722s] [35m[1mScanning dependencies of target imu_node[0m
[1.784s] [ 75%] [32mBuilding CXX object CMakeFiles/imu_node.dir/src/imu_factory.cpp.o[0m
[1.784s] [ 75%] [32mBuilding CXX object CMakeFiles/imu_node.dir/src/imu_base_node.cpp.o[0m
[1.785s] [ 75%] [32mBuilding CXX object CMakeFiles/imu_node.dir/src/imu_node.cpp.o[0m
[3.420s] [01m[K/home/developer/ros2_ws/src/ros2_imu_filter/src/imu_base_node.cpp:[m[K In constructor â€˜[01m[KRocket::ImuBaseNode::ImuBaseNode(rclcpp::Node&)[m[Kâ€™:
[3.420s] [01m[K/home/developer/ros2_ws/src/ros2_imu_filter/src/imu_base_node.cpp:58:60:[m[K [01;35m[Kwarning: [m[Kâ€˜[01m[Krclcpp::Node::OnParametersSetCallbackType rclcpp::Node::set_on_parameters_set_callback(rclcpp::Node::OnParametersSetCallbackType)[m[Kâ€™ is deprecated: use add_on_set_parameters_callback(OnParametersSetCallbackType callback) instead [[01;35m[K-Wdeprecated-declarations[m[K]
[3.420s]    58 |         node_.set_on_parameters_set_callback(param_callback[01;35m[K)[m[K;
[3.420s]       |                                                            [01;35m[K^[m[K
[3.420s] In file included from [01m[K/opt/ros/foxy/include/rclcpp/executors/single_threaded_executor.hpp:28[m[K,
[3.420s]                  from [01m[K/opt/ros/foxy/include/rclcpp/executors.hpp:22[m[K,
[3.420s]                  from [01m[K/opt/ros/foxy/include/rclcpp/rclcpp.hpp:146[m[K,
[3.420s]                  from [01m[K/home/developer/ros2_ws/src/ros2_imu_filter/include/ros2_imu_filter/imu_base_node.h:10[m[K,
[3.420s]                  from [01m[K/home/developer/ros2_ws/src/ros2_imu_filter/src/imu_base_node.cpp:1[m[K:
[3.420s] [01m[K/opt/ros/foxy/include/rclcpp/node.hpp:866:3:[m[K [01;36m[Knote: [m[Kdeclared here
[3.420s]   866 |   [01;36m[Kset_on_parameters_set_callback[m[K(rclcpp::Node::OnParametersSetCallbackType callback);
[3.420s]       |   [01;36m[K^~~~~~~~~~~~~~~~~~~~~~~~~~~~~~[m[K
[3.420s] [01m[K/home/developer/ros2_ws/src/ros2_imu_filter/src/imu_base_node.cpp:60:40:[m[K [01;31m[Kerror: [m[Kâ€˜[01m[Kusing SharedPtr = class std::shared_ptr<rclcpp::Clock>[m[Kâ€™ {aka â€˜[01m[Kclass std::shared_ptr<rclcpp::Clock>[m[Kâ€™} has no member named â€˜[01m[Know[m[Kâ€™
[3.420s]    60 |         auto stamp = node_.get_clock().[01;31m[Know[m[K().to_msg()
[3.420s]       |                                        [01;31m[K^~~[m[K
[3.426s] In file included from [01m[K/home/developer/ros2_ws/src/ros2_imu_filter/include/ros2_imu_filter/imu_factory.h:9[m[K,
[3.427s]                  from [01m[K/home/developer/ros2_ws/src/ros2_imu_filter/src/imu_factory.cpp:1[m[K:
[3.427s] [01m[K/home/developer/ros2_ws/src/ros2_imu_filter/include/ros2_imu_filter/imu_complementary_node.h:12:14:[m[K [01;31m[Kerror: [m[Kâ€˜[01m[Kvoid Rocket::ImuComplementaryNode::Filter()[m[Kâ€™ marked â€˜[01m[Koverride[m[Kâ€™, but does not override
[3.427s]    12 |         void [01;31m[KFilter[m[K() override;
[3.427s]       |              [01;31m[K^~~~~~[m[K
[3.431s] In file included from [01m[K/home/developer/ros2_ws/src/ros2_imu_filter/include/ros2_imu_filter/imu_factory.h:9[m[K,
[3.431s]                  from [01m[K/home/developer/ros2_ws/src/ros2_imu_filter/src/imu_node.cpp:3[m[K:
[3.431s] [01m[K/home/developer/ros2_ws/src/ros2_imu_filter/include/ros2_imu_filter/imu_complementary_node.h:12:14:[m[K [01;31m[Kerror: [m[Kâ€˜[01m[Kvoid Rocket::ImuComplementaryNode::Filter()[m[Kâ€™ marked â€˜[01m[Koverride[m[Kâ€™, but does not override
[3.431s]    12 |         void [01;31m[KFilter[m[K() override;
[3.431s]       |              [01;31m[K^~~~~~[m[K
[3.437s] [01m[K/home/developer/ros2_ws/src/ros2_imu_filter/src/imu_factory.cpp:[m[K In constructor â€˜[01m[KRocket::ImuFactory::ImuFactory(const rclcpp::NodeOptions&)[m[Kâ€™:
[3.438s] [01m[K/home/developer/ros2_ws/src/ros2_imu_filter/src/imu_factory.cpp:20:65:[m[K [01;31m[Kerror: [m[Kno match for â€˜[01m[Koperator=[m[Kâ€™ (operand types are â€˜[01m[Kstd::shared_ptr<Rocket::ImuBaseNode>[m[Kâ€™ and â€˜[01m[Kstd::shared_ptr<Rocket::ImuComplementaryNode>[m[Kâ€™)
[3.438s]    20 |             node_ = std::make_shared<ImuComplementaryNode>(*this[01;31m[K)[m[K;
[3.438s]       |                                                                 [01;31m[K^[m[K
[3.438s] In file included from [01m[K/usr/include/c++/9/memory:81[m[K,
[3.438s]                  from [01m[K/home/developer/ros2_ws/src/ros2_imu_filter/include/ros2_imu_filter/imu_factory.h:3[m[K,
[3.438s]                  from [01m[K/home/developer/ros2_ws/src/ros2_imu_filter/src/imu_factory.cpp:1[m[K:
[3.438s] [01m[K/usr/include/c++/9/bits/shared_ptr.h:309:19:[m[K [01;36m[Knote: [m[Kcandidate: â€˜[01m[Kstd::shared_ptr<_Tp>& std::shared_ptr<_Tp>::operator=(const std::shared_ptr<_Tp>&) [with _Tp = Rocket::ImuBaseNode][m[Kâ€™
[3.438s]   309 |       shared_ptr& [01;36m[Koperator[m[K=(const shared_ptr&) noexcept = default;
[3.438s]       |                   [01;36m[K^~~~~~~~[m[K
[3.438s] [01m[K/usr/include/c++/9/bits/shared_ptr.h:309:29:[m[K [01;36m[Knote: [m[K  no known conversion for argument 1 from â€˜[01m[Kstd::shared_ptr<Rocket::ImuComplementaryNode>[m[Kâ€™ to â€˜[01m[Kconst std::shared_ptr<Rocket::ImuBaseNode>&[m[Kâ€™
[3.438s]   309 |       shared_ptr& operator=([01;36m[Kconst shared_ptr&[m[K) noexcept = default;
[3.438s]       |                             [01;36m[K^~~~~~~~~~~~~~~~~[m[K
[3.438s] [01m[K/usr/include/c++/9/bits/shared_ptr.h:313:2:[m[K [01;36m[Knote: [m[Kcandidate: â€˜[01m[Ktemplate<class _Yp> std::shared_ptr<_Tp>::_Assignable<const std::shared_ptr<_Yp>&> std::shared_ptr<_Tp>::operator=(const std::shared_ptr<_Yp>&) [with _Yp = _Yp; _Tp = Rocket::ImuBaseNode][m[Kâ€™
[3.438s]   313 |  [01;36m[Koperator[m[K=(const shared_ptr<_Yp>& __r) noexcept
[3.438s]       |  [01;36m[K^~~~~~~~[m[K
[3.438s] [01m[K/usr/include/c++/9/bits/shared_ptr.h:313:2:[m[K [01;36m[Knote: [m[K  template argument deduction/substitution failed:
[3.438s] /usr/include/c++/9/bits/shared_ptr.h: In substitution of â€˜[01m[Ktemplate<class _Tp> template<class _Arg> using _Assignable = typename std::enable_if<std::is_assignable<std::__shared_ptr<_Tp>&, _Arg>::value, std::shared_ptr<_Tp>&>::type [with _Arg = const std::shared_ptr<Rocket::ImuComplementaryNode>&; _Tp = Rocket::ImuBaseNode][m[Kâ€™:
[3.438s] [01m[K/usr/include/c++/9/bits/shared_ptr.h:313:2:[m[K   required by substitution of â€˜[01m[Ktemplate<class _Yp> std::shared_ptr<Rocket::ImuBaseNode>::_Assignable<const std::shared_ptr<_Tp>&> std::shared_ptr<Rocket::ImuBaseNode>::operator=<_Yp>(const std::shared_ptr<_Tp>&) [with _Yp = Rocket::ImuComplementaryNode][m[Kâ€™
[3.439s] [01m[K/home/developer/ros2_ws/src/ros2_imu_filter/src/imu_factory.cpp:20:65:[m[K   required from here
[3.439s] [01m[K/usr/include/c++/9/bits/shared_ptr.h:111:8:[m[K [01;31m[Kerror: [m[Kno type named â€˜[01m[Ktype[m[Kâ€™ in â€˜[01m[Kstruct std::enable_if<false, std::shared_ptr<Rocket::ImuBaseNode>&>[m[Kâ€™
[3.439s]   111 |  using [01;31m[K_Assignable[m[K = typename enable_if<
[3.439s]       |        [01;31m[K^~~~~~~~~~~[m[K
[3.439s] [01m[K/usr/include/c++/9/bits/shared_ptr.h:324:2:[m[K [01;36m[Knote: [m[Kcandidate: â€˜[01m[Ktemplate<class _Yp> std::shared_ptr<_Tp>::_Assignable<std::auto_ptr<_Up> > std::shared_ptr<_Tp>::operator=(std::auto_ptr<_Up>&&) [with _Yp = _Yp; _Tp = Rocket::ImuBaseNode][m[Kâ€™
[3.439s]   324 |  [01;36m[Koperator[m[K=(auto_ptr<_Yp>&& __r)
[3.439s]       |  [01;36m[K^~~~~~~~[m[K
[3.439s] [01m[K/usr/include/c++/9/bits/shared_ptr.h:324:2:[m[K [01;36m[Knote: [m[K  template argument deduction/substitution failed:
[3.439s] [01m[K/home/developer/ros2_ws/src/ros2_imu_filter/src/imu_factory.cpp:20:65:[m[K [01;36m[Knote: [m[K  â€˜[01m[Kstd::shared_ptr<Rocket::ImuComplementaryNode>[m[Kâ€™ is not derived from â€˜[01m[Kstd::auto_ptr<_Up>[m[Kâ€™
[3.439s]    20 |             node_ = std::make_shared<ImuComplementaryNode>(*this[01;36m[K)[m[K;
[3.439s]       |                                                                 [01;36m[K^[m[K
[3.439s] In file included from [01m[K/usr/include/c++/9/memory:81[m[K,
[3.439s]                  from [01m[K/home/developer/ros2_ws/src/ros2_imu_filter/include/ros2_imu_filter/imu_factory.h:3[m[K,
[3.439s]                  from [01m[K/home/developer/ros2_ws/src/ros2_imu_filter/src/imu_factory.cpp:1[m[K:
[3.439s] [01m[K/usr/include/c++/9/bits/shared_ptr.h:333:7:[m[K [01;36m[Knote: [m[Kcandidate: â€˜[01m[Kstd::shared_ptr<_Tp>& std::shared_ptr<_Tp>::operator=(std::shared_ptr<_Tp>&&) [with _Tp = Rocket::ImuBaseNode][m[Kâ€™
[3.439s]   333 |       [01;36m[Koperator[m[K=(shared_ptr&& __r) noexcept
[3.439s]       |       [01;36m[K^~~~~~~~[m[K
[3.439s] [01m[K/usr/include/c++/9/bits/shared_ptr.h:333:30:[m[K [01;36m[Knote: [m[K  no known conversion for argument 1 from â€˜[01m[Kstd::shared_ptr<Rocket::ImuComplementaryNode>[m[Kâ€™ to â€˜[01m[Kstd::shared_ptr<Rocket::ImuBaseNode>&&[m[Kâ€™
[3.439s]   333 |       operator=([01;36m[Kshared_ptr&& __r[m[K) noexcept
[3.439s]       |                 [01;36m[K~~~~~~~~~~~~~^~~[m[K
[3.439s] [01m[K/usr/include/c++/9/bits/shared_ptr.h:341:2:[m[K [01;36m[Knote: [m[Kcandidate: â€˜[01m[Ktemplate<class _Yp> std::shared_ptr<_Tp>::_Assignable<std::shared_ptr<_Yp> > std::shared_ptr<_Tp>::operator=(std::shared_ptr<_Yp>&&) [with _Yp = _Yp; _Tp = Rocket::ImuBaseNode][m[Kâ€™
[3.439s]   341 |  [01;36m[Koperator[m[K=(shared_ptr<_Yp>&& __r) noexcept
[3.440s]       |  [01;36m[K^~~~~~~~[m[K
[3.440s] [01m[K/usr/include/c++/9/bits/shared_ptr.h:341:2:[m[K [01;36m[Knote: [m[K  template argument deduction/substitution failed:
[3.440s] /usr/include/c++/9/bits/shared_ptr.h: In substitution of â€˜[01m[Ktemplate<class _Tp> template<class _Arg> using _Assignable = typename std::enable_if<std::is_assignable<std::__shared_ptr<_Tp>&, _Arg>::value, std::shared_ptr<_Tp>&>::type [with _Arg = std::shared_ptr<Rocket::ImuComplementaryNode>; _Tp = Rocket::ImuBaseNode][m[Kâ€™:
[3.440s] [01m[K/usr/include/c++/9/bits/shared_ptr.h:341:2:[m[K   required by substitution of â€˜[01m[Ktemplate<class _Yp> std::shared_ptr<Rocket::ImuBaseNode>::_Assignable<std::shared_ptr<_Tp> > std::shared_ptr<Rocket::ImuBaseNode>::operator=<_Yp>(std::shared_ptr<_Tp>&&) [with _Yp = Rocket::ImuComplementaryNode][m[Kâ€™
[3.440s] [01m[K/home/developer/ros2_ws/src/ros2_imu_filter/src/imu_factory.cpp:20:65:[m[K   required from here
[3.440s] [01m[K/usr/include/c++/9/bits/shared_ptr.h:111:8:[m[K [01;31m[Kerror: [m[Kno type named â€˜[01m[Ktype[m[Kâ€™ in â€˜[01m[Kstruct std::enable_if<false, std::shared_ptr<Rocket::ImuBaseNode>&>[m[Kâ€™
[3.440s]   111 |  using [01;31m[K_Assignable[m[K = typename enable_if<
[3.440s]       |        [01;31m[K^~~~~~~~~~~[m[K
[3.440s] [01m[K/usr/include/c++/9/bits/shared_ptr.h:349:2:[m[K [01;36m[Knote: [m[Kcandidate: â€˜[01m[Ktemplate<class _Yp, class _Del> std::shared_ptr<_Tp>::_Assignable<std::unique_ptr<_Up, _Ep> > std::shared_ptr<_Tp>::operator=(std::unique_ptr<_Up, _Ep>&&) [with _Yp = _Yp; _Del = _Del; _Tp = Rocket::ImuBaseNode][m[Kâ€™
[3.440s]   349 |  [01;36m[Koperator[m[K=(unique_ptr<_Yp, _Del>&& __r)
[3.440s]       |  [01;36m[K^~~~~~~~[m[K
[3.440s] [01m[K/usr/include/c++/9/bits/shared_ptr.h:349:2:[m[K [01;36m[Knote: [m[K  template argument deduction/substitution failed:
[3.440s] [01m[K/home/developer/ros2_ws/src/ros2_imu_filter/src/imu_factory.cpp:20:65:[m[K [01;36m[Knote: [m[K  â€˜[01m[Kstd::shared_ptr<Rocket::ImuComplementaryNode>[m[Kâ€™ is not derived from â€˜[01m[Kstd::unique_ptr<_Tp, _Dp>[m[Kâ€™
[3.440s]    20 |             node_ = std::make_shared<ImuComplementaryNode>(*this[01;36m[K)[m[K;
[3.440s]       |                                                                 [01;36m[K^[m[K
[3.731s] make[2]: *** [CMakeFiles/imu_node.dir/build.make:89: CMakeFiles/imu_node.dir/src/imu_node.cpp.o] Error 1
[3.732s] make[2]: *** Waiting for unfinished jobs....
[3.745s] make[2]: *** [CMakeFiles/imu_node.dir/build.make:63: CMakeFiles/imu_node.dir/src/imu_factory.cpp.o] Error 1
[4.979s] make[2]: *** [CMakeFiles/imu_node.dir/build.make:76: CMakeFiles/imu_node.dir/src/imu_base_node.cpp.o] Error 1
[4.979s] make[1]: *** [CMakeFiles/Makefile2:78: CMakeFiles/imu_node.dir/all] Error 2
[4.979s] make: *** [Makefile:141: all] Error 2
[4.980s] Invoked command in '/home/developer/ros2_ws/src/ros2_imu_filter/build/ros2_imu_filter' returned '2': CMAKE_PREFIX_PATH=/opt/ros/foxy /usr/bin/cmake --build /home/developer/ros2_ws/src/ros2_imu_filter/build/ros2_imu_filter -- -j12 -l12
